<?xml version="1.0" encoding="UTF-8" ?>
<testsuite tests="1" failures="1" name="test.CRMTest" time="2.298" errors="0" skipped="0">
  <properties>
[...]
</properties>
  <testcase classname="test.CRMTest" name="createQuickDraft" time="2.298">
    <failure message="session not created: This version of ChromeDriver only supports Chrome version 81
Build info: version: &apos;3.7.1&apos;, revision: &apos;8a0099a&apos;, time: &apos;2017-11-06T21:01:39.354Z&apos;
System info: host: &apos;DESKTOP-43FULGJ&apos;, ip: &apos;192.168.1.15&apos;, os.name: &apos;Windows 10&apos;, os.arch: &apos;amd64&apos;, os.version: &apos;10.0&apos;, java.version: &apos;1.8.0_221&apos;
Driver info: driver.version: ChromeDriver
remote stacktrace: Backtrace:
	Ordinal0 [0x002C5F73+2449267]
	Ordinal0 [0x001F8361+1606497]
	Ordinal0 [0x000EF969+522601]
	Ordinal0 [0x000805F3+67059]
	Ordinal0 [0x0007CD92+52626]
	Ordinal0 [0x0009C127+180519]
	Ordinal0 [0x0009BF2D+180013]
	Ordinal0 [0x00099E5B+171611]
	Ordinal0 [0x00081DD8+73176]
	Ordinal0 [0x00082E50+77392]
	Ordinal0 [0x00082DE9+77289]
	Ordinal0 [0x0020D8D7+1693911]
	GetHandleVerifier [0x00364036+522726]
	GetHandleVerifier [0x00363D74+522020]
	GetHandleVerifier [0x00379187+609079]
	GetHandleVerifier [0x003648A6+524886]
	Ordinal0 [0x00205CBC+1662140]
	Ordinal0 [0x0020F23B+1700411]
	Ordinal0 [0x0020F3A3+1700771]
	Ordinal0 [0x00225215+1790485]
	BaseThreadInitThunk [0x77766359+25]
	RtlGetAppContainerNamedObjectPath [0x778F7C24+228]
	RtlGetAppContainerNamedObjectPath [0x778F7BF4+180]
	(No symbol) [0x00000000]
" type="org.openqa.selenium.SessionNotCreatedException">org.openqa.selenium.SessionNotCreatedException: session not created: This version of ChromeDriver only supports Chrome version 81
Build info: version: &apos;3.7.1&apos;, revision: &apos;8a0099a&apos;, time: &apos;2017-11-06T21:01:39.354Z&apos;
System info: host: &apos;DESKTOP-43FULGJ&apos;, ip: &apos;192.168.1.15&apos;, os.name: &apos;Windows 10&apos;, os.arch: &apos;amd64&apos;, os.version: &apos;10.0&apos;, java.version: &apos;1.8.0_221&apos;
Driver info: driver.version: ChromeDriver
remote stacktrace: Backtrace:
	Ordinal0 [0x002C5F73+2449267]
	Ordinal0 [0x001F8361+1606497]
	Ordinal0 [0x000EF969+522601]
	Ordinal0 [0x000805F3+67059]
	Ordinal0 [0x0007CD92+52626]
	Ordinal0 [0x0009C127+180519]
	Ordinal0 [0x0009BF2D+180013]
	Ordinal0 [0x00099E5B+171611]
	Ordinal0 [0x00081DD8+73176]
	Ordinal0 [0x00082E50+77392]
	Ordinal0 [0x00082DE9+77289]
	Ordinal0 [0x0020D8D7+1693911]
	GetHandleVerifier [0x00364036+522726]
	GetHandleVerifier [0x00363D74+522020]
	GetHandleVerifier [0x00379187+609079]
	GetHandleVerifier [0x003648A6+524886]
	Ordinal0 [0x00205CBC+1662140]
	Ordinal0 [0x0020F23B+1700411]
	Ordinal0 [0x0020F3A3+1700771]
	Ordinal0 [0x00225215+1790485]
	BaseThreadInitThunk [0x77766359+25]
	RtlGetAppContainerNamedObjectPath [0x778F7C24+228]
	RtlGetAppContainerNamedObjectPath [0x778F7BF4+180]
	(No symbol) [0x00000000]

	at sun.reflect.NativeConstructorAccessorImpl.newInstance0(Native Method)
	at sun.reflect.NativeConstructorAccessorImpl.newInstance(NativeConstructorAccessorImpl.java:62)
	at sun.reflect.DelegatingConstructorAccessorImpl.newInstance(DelegatingConstructorAccessorImpl.java:45)
	at java.lang.reflect.Constructor.newInstance(Constructor.java:423)
	at org.openqa.selenium.remote.W3CHandshakeResponse.lambda$new$0(W3CHandshakeResponse.java:57)
	at org.openqa.selenium.remote.W3CHandshakeResponse.lambda$getResponseFunction$2(W3CHandshakeResponse.java:104)
	at org.openqa.selenium.remote.ProtocolHandshake.lambda$createSession$0(ProtocolHandshake.java:123)
	at java.util.stream.ReferencePipeline$3$1.accept(ReferencePipeline.java:193)
	at java.util.Spliterators$ArraySpliterator.tryAdvance(Spliterators.java:958)
	at java.util.stream.ReferencePipeline.forEachWithCancel(ReferencePipeline.java:126)
	at java.util.stream.AbstractPipeline.copyIntoWithCancel(AbstractPipeline.java:499)
	at java.util.stream.AbstractPipeline.copyInto(AbstractPipeline.java:486)
	at java.util.stream.AbstractPipeline.wrapAndCopyInto(AbstractPipeline.java:472)
	at java.util.stream.FindOps$FindOp.evaluateSequential(FindOps.java:152)
	at java.util.stream.AbstractPipeline.evaluate(AbstractPipeline.java:234)
	at java.util.stream.ReferencePipeline.findFirst(ReferencePipeline.java:464)
	at org.openqa.selenium.remote.ProtocolHandshake.createSession(ProtocolHandshake.java:126)
	at org.openqa.selenium.remote.ProtocolHandshake.createSession(ProtocolHandshake.java:73)
	at org.openqa.selenium.remote.HttpCommandExecutor.execute(HttpCommandExecutor.java:142)
	at org.openqa.selenium.remote.service.DriverCommandExecutor.execute(DriverCommandExecutor.java:83)
	at org.openqa.selenium.remote.RemoteWebDriver.execute(RemoteWebDriver.java:600)
	at org.openqa.selenium.remote.RemoteWebDriver.startSession(RemoteWebDriver.java:219)
	at org.openqa.selenium.remote.RemoteWebDriver.&lt;init&gt;(RemoteWebDriver.java:142)
	at org.openqa.selenium.chrome.ChromeDriver.&lt;init&gt;(ChromeDriver.java:181)
	at org.openqa.selenium.chrome.ChromeDriver.&lt;init&gt;(ChromeDriver.java:168)
	at org.openqa.selenium.chrome.ChromeDriver.&lt;init&gt;(ChromeDriver.java:123)
	at util.CRMBrowserFactory.startBrowser(CRMBrowserFactory.java:16)
	at test.CRMTest.createQuickDraft(CRMTest.java:16)
</failure>
    <system-out>Configuring TestNG with: org.apache.maven.surefire.testng.conf.TestNG652Configurator@470e2030
</system-out>
    <system-err>Starting ChromeDriver 81.0.4044.69 (6813546031a4bc83f717a2ef7cd4ac6ec1199132-refs/branch-heads/4044@{#776}) on port 42855
Only local connections are allowed.
Please protect ports used by ChromeDriver and related test frameworks to prevent access by malicious code.
</system-err>
  </testcase>
</testsuite>